2015-10-01 14:43:55,231 ERROR fortscale.utils.properties.PropertiesResolver: propery key (null) does not exist. 
2016-01-17 18:44:34,008 [main] ERROR f.c.j.g.GDSConfigurationCreatorSimulator.error(243) - Exception during execution - {}
fortscale.collection.jobs.gds.GDSConfigurationException: Could not find configurator mapping for configuration type ENTITIES_PROPERTIES
	at fortscale.collection.jobs.gds.configurators.GDSConfiguratorFactory.getConfigurator(GDSConfiguratorFactory.java:37) ~[classes/:na]
	at fortscale.collection.jobs.gds.GDSConfigurationCreatorJob.handleConfiguration(GDSConfigurationCreatorJob.java:335) ~[classes/:na]
	at fortscale.collection.jobs.gds.GDSConfigurationCreatorJob.handleEntitiesPropertiesConfiguration(GDSConfigurationCreatorJob.java:265) ~[classes/:na]
	at fortscale.collection.jobs.gds.GDSConfigurationCreatorJob.handleMainMenuUserInput(GDSConfigurationCreatorJob.java:141) ~[classes/:na]
	at fortscale.collection.jobs.gds.GDSConfigurationCreatorJob.handleMainMenu(GDSConfigurationCreatorJob.java:74) ~[classes/:na]
	at fortscale.collection.jobs.gds.GDSConfigurationCreatorJob.runSteps(GDSConfigurationCreatorJob.java:65) ~[classes/:na]
	at fortscale.collection.jobs.gds.GDSConfigurationCreatorSimulator.main(GDSConfigurationCreatorSimulator.java:21) ~[classes/:na]
	at sun.reflect.NativeMethodAccessorImpl.invoke0(Native Method) ~[na:1.8.0_65]
	at sun.reflect.NativeMethodAccessorImpl.invoke(NativeMethodAccessorImpl.java:62) ~[na:1.8.0_65]
	at sun.reflect.DelegatingMethodAccessorImpl.invoke(DelegatingMethodAccessorImpl.java:43) ~[na:1.8.0_65]
	at java.lang.reflect.Method.invoke(Method.java:497) ~[na:1.8.0_65]
	at com.intellij.rt.execution.application.AppMain.main(AppMain.java:140) [idea_rt.jar:na]
2016-01-17 18:45:43,813 [main] ERROR f.c.j.g.GDSConfigurationCreatorSimulator.error(243) - Exception during execution - {}
java.lang.ArrayIndexOutOfBoundsException: 1
	at fortscale.utils.ConversionUtils.convertFieldsCSVToMap(ConversionUtils.java:111) ~[classes/:na]
	at fortscale.collection.jobs.gds.configurators.GDSRawModelAndScoreConfigurator.configure(GDSRawModelAndScoreConfigurator.java:50) ~[classes/:na]
	at fortscale.collection.jobs.gds.GDSConfigurationCreatorJob.handleConfiguration(GDSConfigurationCreatorJob.java:337) ~[classes/:na]
	at fortscale.collection.jobs.gds.GDSConfigurationCreatorJob.handleModelAndScoringConfiguration(GDSConfigurationCreatorJob.java:255) ~[classes/:na]
	at fortscale.collection.jobs.gds.GDSConfigurationCreatorJob.handleMainMenuUserInput(GDSConfigurationCreatorJob.java:133) ~[classes/:na]
	at fortscale.collection.jobs.gds.GDSConfigurationCreatorJob.handleMainMenu(GDSConfigurationCreatorJob.java:74) ~[classes/:na]
	at fortscale.collection.jobs.gds.GDSConfigurationCreatorJob.runSteps(GDSConfigurationCreatorJob.java:65) ~[classes/:na]
	at fortscale.collection.jobs.gds.GDSConfigurationCreatorSimulator.main(GDSConfigurationCreatorSimulator.java:21) ~[classes/:na]
	at sun.reflect.NativeMethodAccessorImpl.invoke0(Native Method) ~[na:1.8.0_65]
	at sun.reflect.NativeMethodAccessorImpl.invoke(NativeMethodAccessorImpl.java:62) ~[na:1.8.0_65]
	at sun.reflect.DelegatingMethodAccessorImpl.invoke(DelegatingMethodAccessorImpl.java:43) ~[na:1.8.0_65]
	at java.lang.reflect.Method.invoke(Method.java:497) ~[na:1.8.0_65]
	at com.intellij.rt.execution.application.AppMain.main(AppMain.java:140) [idea_rt.jar:na]
