// null 1.2.0.RELEASE log opened at 2019-05-23 19:14:44
run --start_date 2018-03-16T00:00:00Z --end_date 2018-03-16T01:00:00Z --smart_record_conf_name userId_hourly
// null 1.2.0.RELEASE log opened at 2019-06-02 14:41:07
run --start_date 2018-03-16T00:00:00Z --end_date 2018-03-16T01:00:00Z --smart_record_conf_name userId_hourly
// null 1.2.0.RELEASE log opened at 2019-06-04 17:52:49
run --start_date 2018-03-16T00:00:00Z --end_date 2018-03-16T01:00:00Z --smart_record_conf_name userId_hourly
// null 1.2.0.RELEASE log opened at 2019-06-06 13:47:40
run --start_date 2018-03-16T00:00:00Z --end_date 2018-03-16T01:00:00Z --smart_record_conf_name userId_hourly
// null 1.2.0.RELEASE log opened at 2019-06-10 13:11:44
run --start_date 2018-03-16T00:00:00Z --end_date 2018-03-16T01:00:00Z --entity_type userId_hourly
// null 1.2.0.RELEASE log opened at 2019-06-13 17:30:04
// [failed] run --start_date 2018-03-16T00:00:00Z --end_date 2018-03-16T01:00:00Z --entity_type userId
// null 1.2.0.RELEASE log opened at 2019-06-13 17:36:46
// [failed] run --start_date 2018-03-16T00:00:00Z --end_date 2018-03-16T01:00:00Z --entity_type userId
// null 1.2.0.RELEASE log opened at 2019-06-13 17:39:48
run --start_date 2018-03-16T00:00:00Z --end_date 2018-03-16T01:00:00Z --entity_type userId
// null 1.2.0.RELEASE log opened at 2019-06-13 17:40:35
run --start_date 2018-03-16T00:00:00Z --end_date 2018-03-16T01:00:00Z --entity_type userId
// null 1.2.0.RELEASE log opened at 2019-06-13 17:41:17
run --start_date 2018-03-16T00:00:00Z --end_date 2018-03-16T01:00:00Z --entity_type userId
// null 1.2.0.RELEASE log opened at 2019-06-17 16:48:44
run --start_date 2018-03-16T00:00:00Z --end_date 2018-03-16T01:00:00Z --entity_type userId
// null 1.2.0.RELEASE log opened at 2019-06-19 13:55:20
run --start_date 2018-03-16T00:00:00Z --end_date 2018-03-16T01:00:00Z --entity_type userId
